<?xml version="1.0" encoding="UTF-8"?>
<!-- Generated by org.testng.reporters.JUnitXMLReporter -->
<testsuite hostname="LAPTOP-HHN7D2TC" ignored="4" name="Test" tests="4" failures="0" timestamp="2021-11-17T08:56:15 IST" time="40.345" errors="0">
  <testcase name="Rol" time="9.938" classname="com.ebanking.master.RolNG"/>
  <testcase name="Rol" time="9.59" classname="com.ebanking.master.RolNG"/>
  <testcase name="Rol" time="9.735" classname="com.ebanking.master.RolNG"/>
  <testcase name="Br" time="7.1" classname="com.ebanking.master.BranchNg"/>
  <testcase name="@BeforeSuite Alaunch" time="0.0" classname="com.ebanking.master.Base">
    <ignored/>
  </testcase> <!-- @BeforeSuite Alaunch -->
  <testcase name="@AfterTest Algout" time="0.0" classname="com.ebanking.master.Base">
    <ignored/>
  </testcase> <!-- @AfterTest Algout -->
  <testcase name="@BeforeTest Algn" time="0.0" classname="com.ebanking.master.Base">
    <ignored/>
  </testcase> <!-- @BeforeTest Algn -->
  <testcase name="@AfterSuite Aclose" time="0.0" classname="com.ebanking.master.Base">
    <ignored/>
  </testcase> <!-- @AfterSuite Aclose -->
</testsuite> <!-- Test -->
