<?xml version="1.0" encoding="UTF-8"?>
<!-- Generated by org.testng.reporters.JUnitXMLReporter -->
<testsuite hostname="LAPTOP-HHN7D2TC" ignored="4" name="Test" tests="4" failures="0" timestamp="2022-01-20T13:23:52 IST" time="40.296" errors="0">
  <testcase name="Brnch" time="6.573" classname="com.ebanking.master.BranchcreNG"/>
  <testcase name="Rol" time="9.949" classname="com.ebanking.master.RolecreNG"/>
  <testcase name="Rol" time="10.488" classname="com.ebanking.master.RolecreNG"/>
  <testcase name="Rol" time="10.336" classname="com.ebanking.master.RolecreNG"/>
  <testcase name="@BeforeSuite beforeSuite" time="0.0" classname="com.ebanking.master.Baseclas">
    <ignored/>
  </testcase> <!-- @BeforeSuite beforeSuite -->
  <testcase name="@AfterTest afterTest" time="0.0" classname="com.ebanking.master.Baseclas">
    <ignored/>
  </testcase> <!-- @AfterTest afterTest -->
  <testcase name="@BeforeTest beforeTest" time="0.0" classname="com.ebanking.master.Baseclas">
    <ignored/>
  </testcase> <!-- @BeforeTest beforeTest -->
  <testcase name="@AfterSuite afterSuite" time="0.0" classname="com.ebanking.master.Baseclas">
    <ignored/>
  </testcase> <!-- @AfterSuite afterSuite -->
</testsuite> <!-- Test -->
