<?xml version="1.0" encoding="UTF-8"?>
<testng-results skipped="0" failed="0" ignored="0" total="1" passed="1">
  <reporter-output>
  </reporter-output>
  <suite name="Suite" duration-ms="27494" started-at="2022-01-28T13:46:30 IST" finished-at="2022-01-28T13:46:57 IST">
    <groups>
    </groups>
    <test name="on firefox" duration-ms="27494" started-at="2022-01-28T13:46:30 IST" finished-at="2022-01-28T13:46:57 IST">
      <class name="com.ebanking.master.Grid">
        <test-method status="PASS" signature="gd(java.lang.String)[pri:0, instance:com.ebanking.master.Grid@578486a3]" name="gd" duration-ms="27434" started-at="2022-01-28T13:46:30 IST" finished-at="2022-01-28T13:46:57 IST">
          <params>
            <param index="0">
              <value>
                <![CDATA[firefox]]>
              </value>
            </param>
          </params>
          <reporter-output>
          </reporter-output>
        </test-method> <!-- gd -->
      </class> <!-- com.ebanking.master.Grid -->
    </test> <!-- on firefox -->
  </suite> <!-- Suite -->
</testng-results>
